<?xml version="1.0" encoding="UTF-8"?>
<!-- Generated by org.testng.reporters.JUnitReportReporter -->
<testsuite hostname="vijay" failures="0" tests="3" name="testCase.LoginTest" time="3.872" errors="0" timestamp="2025-06-13T10:29:06 IST" skipped="0">
  <testcase classname="testCase.LoginTest" name="verifyLogin" time="3.156"/>
  <testcase classname="testCase.LoginTest" name="verifyHomePage" time="0.380"/>
  <testcase classname="testCase.LoginTest" name="verifyCart" time="0.336"/>
</testsuite> <!-- testCase.LoginTest -->
